# JRE version: OpenJDK Runtime Environment Temurin-17.0.15+6 (17.0.15+6) (build 17.0.15+6)
# Java VM: OpenJDK 64-Bit Server VM Temurin-17.0.15+6 (17.0.15+6, mixed mode, sharing, tiered, compressed oops, compressed class ptrs, g1 gc, windows-amd64)
GC Precious Log:
 CPUs: 4 total, 4 available
 Memory: 7639M
 Large Page Support: Disabled
 NUMA Support: Disabled
 Compressed Oops: Enabled (32-bit)
 Heap Region Size: 1M
 Heap Min Capacity: 8M
 Heap Initial Capacity: 120M
 Heap Max Capacity: 2G
 Pre-touch: Disabled
 Parallel Workers: 4
 Concurrent Workers: 1
 Concurrent Refinement Workers: 4
 Periodic GC: Disabled
Heap:
 garbage-first heap   total 94208K, used 71131K [0x0000000080000000, 0x0000000100000000)
  region size 1024K, 20 young (20480K), 4 survivors (4096K)
 Metaspace       used 68467K, committed 69312K, reserved 491520K
  class space    used 9673K, committed 10112K, reserved 425984K
GC Heap History (20 events):
Event: 48.048 GC heap before
{Heap before GC invocations=19 (full 0):
 garbage-first heap   total 81920K, used 73729K [0x0000000080000000, 0x0000000100000000)
  region size 1024K, 30 young (30720K), 3 survivors (3072K)
 Metaspace       used 56863K, committed 57600K, reserved 491520K
  class space    used 7960K, committed 8320K, reserved 425984K
}
Event: 48.059 GC heap after
{Heap after GC invocations=20 (full 0):
 garbage-first heap   total 81920K, used 48530K [0x0000000080000000, 0x0000000100000000)
  region size 1024K, 4 young (4096K), 4 survivors (4096K)
 Metaspace       used 56863K, committed 57600K, reserved 491520K
  class space    used 7960K, committed 8320K, reserved 425984K
}
Event: 48.083 GC heap before
{Heap before GC invocations=20 (full 0):
 garbage-first heap   total 81920K, used 49554K [0x0000000080000000, 0x0000000100000000)
  region size 1024K, 5 young (5120K), 4 survivors (4096K)
 Metaspace       used 56964K, committed 57664K, reserved 491520K
  class space    used 7970K, committed 8320K, reserved 425984K
}
Event: 48.092 GC heap after
{Heap after GC invocations=21 (full 0):
 garbage-first heap   total 81920K, used 48461K [0x0000000080000000, 0x0000000100000000)
  region size 1024K, 1 young (1024K), 1 survivors (1024K)
 Metaspace       used 56964K, committed 57664K, reserved 491520K
  class space    used 7970K, committed 8320K, reserved 425984K
}
Event: 48.547 GC heap before
{Heap before GC invocations=21 (full 0):
 garbage-first heap   total 81920K, used 68941K [0x0000000080000000, 0x0000000100000000)
  region size 1024K, 21 young (21504K), 1 survivors (1024K)
 Metaspace       used 58261K, committed 58944K, reserved 491520K
  class space    used 8178K, committed 8512K, reserved 425984K
}
Event: 48.550 GC heap after
{Heap after GC invocations=22 (full 0):
 garbage-first heap   total 81920K, used 48687K [0x0000000080000000, 0x0000000100000000)
  region size 1024K, 1 young (1024K), 1 survivors (1024K)
 Metaspace       used 58261K, committed 58944K, reserved 491520K
  class space    used 8178K, committed 8512K, reserved 425984K
}
Event: 49.006 GC heap before
{Heap before GC invocations=23 (full 0):
 garbage-first heap   total 91136K, used 69167K [0x0000000080000000, 0x0000000100000000)
  region size 1024K, 22 young (22528K), 1 survivors (1024K)
 Metaspace       used 59673K, committed 60288K, reserved 491520K
  class space    used 8352K, committed 8640K, reserved 425984K
}
Event: 49.010 GC heap after
{Heap after GC invocations=24 (full 0):
 garbage-first heap   total 91136K, used 49454K [0x0000000080000000, 0x0000000100000000)
  region size 1024K, 2 young (2048K), 2 survivors (2048K)
 Metaspace       used 59673K, committed 60288K, reserved 491520K
  class space    used 8352K, committed 8640K, reserved 425984K
}
Event: 49.040 GC heap before
{Heap before GC invocations=24 (full 0):
 garbage-first heap   total 91136K, used 51502K [0x0000000080000000, 0x0000000100000000)
  region size 1024K, 4 young (4096K), 2 survivors (2048K)
 Metaspace       used 59771K, committed 60416K, reserved 491520K
  class space    used 8370K, committed 8704K, reserved 425984K
}
Event: 49.047 GC heap after
{Heap after GC invocations=25 (full 0):
 garbage-first heap   total 91136K, used 49474K [0x0000000080000000, 0x0000000100000000)
  region size 1024K, 1 young (1024K), 1 survivors (1024K)
 Metaspace       used 59771K, committed 60416K, reserved 491520K
  class space    used 8370K, committed 8704K, reserved 425984K
}
Event: 49.880 GC heap before
{Heap before GC invocations=25 (full 0):
 garbage-first heap   total 91136K, used 75074K [0x0000000080000000, 0x0000000100000000)
  region size 1024K, 26 young (26624K), 1 survivors (1024K)
 Metaspace       used 62268K, committed 62976K, reserved 491520K
  class space    used 8784K, committed 9152K, reserved 425984K
}
Event: 49.885 GC heap after
{Heap after GC invocations=26 (full 0):
 garbage-first heap   total 91136K, used 50308K [0x0000000080000000, 0x0000000100000000)
  region size 1024K, 2 young (2048K), 2 survivors (2048K)
 Metaspace       used 62268K, committed 62976K, reserved 491520K
  class space    used 8784K, committed 9152K, reserved 425984K
}
Event: 50.975 GC heap before
{Heap before GC invocations=27 (full 0):
 garbage-first heap   total 94208K, used 73860K [0x0000000080000000, 0x0000000100000000)
  region size 1024K, 26 young (26624K), 2 survivors (2048K)
 Metaspace       used 63589K, committed 64256K, reserved 491520K
  class space    used 8976K, committed 9344K, reserved 425984K
}
Event: 50.981 GC heap after
{Heap after GC invocations=28 (full 0):
 garbage-first heap   total 94208K, used 50937K [0x0000000080000000, 0x0000000100000000)
  region size 1024K, 2 young (2048K), 2 survivors (2048K)
 Metaspace       used 63589K, committed 64256K, reserved 491520K
  class space    used 8976K, committed 9344K, reserved 425984K
}
Event: 52.198 GC heap before
{Heap before GC invocations=28 (full 0):
 garbage-first heap   total 94208K, used 78585K [0x0000000080000000, 0x0000000100000000)
  region size 1024K, 29 young (29696K), 2 survivors (2048K)
 Metaspace       used 64739K, committed 65472K, reserved 491520K
  class space    used 9153K, committed 9536K, reserved 425984K
}
Event: 52.206 GC heap after
{Heap after GC invocations=29 (full 0):
 garbage-first heap   total 94208K, used 52282K [0x0000000080000000, 0x0000000100000000)
  region size 1024K, 3 young (3072K), 3 survivors (3072K)
 Metaspace       used 64739K, committed 65472K, reserved 491520K
  class space    used 9153K, committed 9536K, reserved 425984K
}
Event: 53.768 GC heap before
{Heap before GC invocations=29 (full 0):
 garbage-first heap   total 94208K, used 77882K [0x0000000080000000, 0x0000000100000000)
  region size 1024K, 29 young (29696K), 3 survivors (3072K)
 Metaspace       used 65974K, committed 66816K, reserved 491520K
  class space    used 9305K, committed 9728K, reserved 425984K
}
Event: 53.780 GC heap after
{Heap after GC invocations=30 (full 0):
 garbage-first heap   total 94208K, used 54225K [0x0000000080000000, 0x0000000100000000)
  region size 1024K, 4 young (4096K), 4 survivors (4096K)
 Metaspace       used 65974K, committed 66816K, reserved 491520K
  class space    used 9305K, committed 9728K, reserved 425984K
}
Event: 54.755 GC heap before
{Heap before GC invocations=30 (full 0):
 garbage-first heap   total 94208K, used 78801K [0x0000000080000000, 0x0000000100000000)
  region size 1024K, 28 young (28672K), 4 survivors (4096K)
 Metaspace       used 67875K, committed 68672K, reserved 491520K
  class space    used 9588K, committed 9984K, reserved 425984K
}
Event: 54.767 GC heap after
{Heap after GC invocations=31 (full 0):
 garbage-first heap   total 94208K, used 55771K [0x0000000080000000, 0x0000000100000000)
  region size 1024K, 4 young (4096K), 4 survivors (4096K)
 Metaspace       used 67875K, committed 68672K, reserved 491520K
  class space    used 9588K, committed 9984K, reserved 425984K
}

