# JRE version: OpenJDK Runtime Environment Temurin-17.0.15+6 (17.0.15+6) (build 17.0.15+6)
# Java VM: OpenJDK 64-Bit Server VM Temurin-17.0.15+6 (17.0.15+6, mixed mode, sharing, tiered, compressed oops, compressed class ptrs, g1 gc, windows-amd64)
GC Precious Log:
 CPUs: 4 total, 4 available
 Memory: 7639M
 Large Page Support: Disabled
 NUMA Support: Disabled
 Compressed Oops: Enabled (32-bit)
 Heap Region Size: 1M
 Heap Min Capacity: 8M
 Heap Initial Capacity: 120M
 Heap Max Capacity: 2G
 Pre-touch: Disabled
 Parallel Workers: 4
 Concurrent Workers: 1
 Concurrent Refinement Workers: 4
 Periodic GC: Disabled
Heap:
 garbage-first heap   total 314368K, used 131141K [0x0000000080000000, 0x0000000100000000)
  region size 1024K, 6 young (6144K), 6 survivors (6144K)
 Metaspace       used 83149K, committed 84032K, reserved 557056K
  class space    used 11466K, committed 11904K, reserved 425984K
GC Heap History (20 events):
Event: 336.748 GC heap after
{Heap after GC invocations=33 (full 0):
 garbage-first heap   total 314368K, used 79481K [0x0000000080000000, 0x0000000100000000)
  region size 1024K, 8 young (8192K), 8 survivors (8192K)
 Metaspace       used 81513K, committed 82432K, reserved 557056K
  class space    used 11313K, committed 11776K, reserved 425984K
}
Event: 336.794 GC heap before
{Heap before GC invocations=33 (full 0):
 garbage-first heap   total 314368K, used 86649K [0x0000000080000000, 0x0000000100000000)
  region size 1024K, 15 young (15360K), 8 survivors (8192K)
 Metaspace       used 81516K, committed 82432K, reserved 557056K
  class space    used 11313K, committed 11776K, reserved 425984K
}
Event: 336.805 GC heap after
{Heap after GC invocations=34 (full 0):
 garbage-first heap   total 314368K, used 79771K [0x0000000080000000, 0x0000000100000000)
  region size 1024K, 2 young (2048K), 2 survivors (2048K)
 Metaspace       used 81516K, committed 82432K, reserved 557056K
  class space    used 11313K, committed 11776K, reserved 425984K
}
Event: 346.449 GC heap before
{Heap before GC invocations=34 (full 0):
 garbage-first heap   total 314368K, used 258971K [0x0000000080000000, 0x0000000100000000)
  region size 1024K, 176 young (180224K), 2 survivors (2048K)
 Metaspace       used 81554K, committed 82432K, reserved 557056K
  class space    used 11313K, committed 11776K, reserved 425984K
}
Event: 346.456 GC heap after
{Heap after GC invocations=35 (full 0):
 garbage-first heap   total 314368K, used 83246K [0x0000000080000000, 0x0000000100000000)
  region size 1024K, 5 young (5120K), 5 survivors (5120K)
 Metaspace       used 81554K, committed 82432K, reserved 557056K
  class space    used 11313K, committed 11776K, reserved 425984K
}
Event: 356.275 GC heap before
{Heap before GC invocations=35 (full 0):
 garbage-first heap   total 314368K, used 261422K [0x0000000080000000, 0x0000000100000000)
  region size 1024K, 178 young (182272K), 5 survivors (5120K)
 Metaspace       used 81596K, committed 82496K, reserved 557056K
  class space    used 11313K, committed 11776K, reserved 425984K
}
Event: 356.287 GC heap after
{Heap after GC invocations=36 (full 0):
 garbage-first heap   total 314368K, used 88701K [0x0000000080000000, 0x0000000100000000)
  region size 1024K, 9 young (9216K), 9 survivors (9216K)
 Metaspace       used 81596K, committed 82496K, reserved 557056K
  class space    used 11313K, committed 11776K, reserved 425984K
}
Event: 366.202 GC heap before
{Heap before GC invocations=36 (full 0):
 garbage-first heap   total 314368K, used 262781K [0x0000000080000000, 0x0000000100000000)
  region size 1024K, 180 young (184320K), 9 survivors (9216K)
 Metaspace       used 81713K, committed 82624K, reserved 557056K
  class space    used 11320K, committed 11776K, reserved 425984K
}
Event: 366.251 GC heap after
{Heap after GC invocations=37 (full 0):
 garbage-first heap   total 314368K, used 103945K [0x0000000080000000, 0x0000000100000000)
  region size 1024K, 23 young (23552K), 23 survivors (23552K)
 Metaspace       used 81713K, committed 82624K, reserved 557056K
  class space    used 11320K, committed 11776K, reserved 425984K
}
Event: 367.720 GC heap before
{Heap before GC invocations=37 (full 0):
 garbage-first heap   total 314368K, used 259593K [0x0000000080000000, 0x0000000100000000)
  region size 1024K, 175 young (179200K), 23 survivors (23552K)
 Metaspace       used 82883K, committed 83776K, reserved 557056K
  class space    used 11462K, committed 11904K, reserved 425984K
}
Event: 367.791 GC heap after
{Heap after GC invocations=38 (full 0):
 garbage-first heap   total 314368K, used 124806K [0x0000000080000000, 0x0000000100000000)
  region size 1024K, 19 young (19456K), 19 survivors (19456K)
 Metaspace       used 82883K, committed 83776K, reserved 557056K
  class space    used 11462K, committed 11904K, reserved 425984K
}
Event: 368.976 GC heap before
{Heap before GC invocations=38 (full 0):
 garbage-first heap   total 314368K, used 253830K [0x0000000080000000, 0x0000000100000000)
  region size 1024K, 145 young (148480K), 19 survivors (19456K)
 Metaspace       used 83050K, committed 83968K, reserved 557056K
  class space    used 11465K, committed 11904K, reserved 425984K
}
Event: 369.012 GC heap after
{Heap after GC invocations=39 (full 0):
 garbage-first heap   total 314368K, used 128000K [0x0000000080000000, 0x0000000100000000)
  region size 1024K, 3 young (3072K), 3 survivors (3072K)
 Metaspace       used 83050K, committed 83968K, reserved 557056K
  class space    used 11465K, committed 11904K, reserved 425984K
}
Event: 369.769 GC heap before
{Heap before GC invocations=39 (full 0):
 garbage-first heap   total 314368K, used 256000K [0x0000000080000000, 0x0000000100000000)
  region size 1024K, 129 young (132096K), 3 survivors (3072K)
 Metaspace       used 83113K, committed 83968K, reserved 557056K
  class space    used 11465K, committed 11904K, reserved 425984K
}
Event: 369.786 GC heap after
{Heap after GC invocations=40 (full 0):
 garbage-first heap   total 314368K, used 128801K [0x0000000080000000, 0x0000000100000000)
  region size 1024K, 4 young (4096K), 4 survivors (4096K)
 Metaspace       used 83113K, committed 83968K, reserved 557056K
  class space    used 11465K, committed 11904K, reserved 425984K
}
Event: 370.519 GC heap before
{Heap before GC invocations=40 (full 0):
 garbage-first heap   total 314368K, used 259873K [0x0000000080000000, 0x0000000100000000)
  region size 1024K, 133 young (136192K), 4 survivors (4096K)
 Metaspace       used 83132K, committed 83968K, reserved 557056K
  class space    used 11465K, committed 11904K, reserved 425984K
}
Event: 370.536 GC heap after
{Heap after GC invocations=41 (full 0):
 garbage-first heap   total 314368K, used 129005K [0x0000000080000000, 0x0000000100000000)
  region size 1024K, 4 young (4096K), 4 survivors (4096K)
 Metaspace       used 83132K, committed 83968K, reserved 557056K
  class space    used 11465K, committed 11904K, reserved 425984K
}
Event: 371.117 GC heap before
{Heap before GC invocations=41 (full 0):
 garbage-first heap   total 314368K, used 264173K [0x0000000080000000, 0x0000000100000000)
  region size 1024K, 136 young (139264K), 4 survivors (4096K)
 Metaspace       used 83141K, committed 84032K, reserved 557056K
  class space    used 11466K, committed 11904K, reserved 425984K
}
Event: 371.152 GC heap after
{Heap after GC invocations=42 (full 0):
 garbage-first heap   total 314368K, used 129858K [0x0000000080000000, 0x0000000100000000)
  region size 1024K, 5 young (5120K), 5 survivors (5120K)
 Metaspace       used 83141K, committed 84032K, reserved 557056K
  class space    used 11466K, committed 11904K, reserved 425984K
}
Event: 371.854 GC heap before
{Heap before GC invocations=42 (full 0):
 garbage-first heap   total 314368K, used 267074K [0x0000000080000000, 0x0000000100000000)
  region size 1024K, 139 young (142336K), 5 survivors (5120K)
 Metaspace       used 83149K, committed 84032K, reserved 557056K
  class space    used 11466K, committed 11904K, reserved 425984K
}

