# JRE version: OpenJDK Runtime Environment Temurin-17.0.15+6 (17.0.15+6) (build 17.0.15+6)
# Java VM: OpenJDK 64-Bit Server VM Temurin-17.0.15+6 (17.0.15+6, mixed mode, sharing, tiered, compressed oops, compressed class ptrs, g1 gc, windows-amd64)
GC Precious Log:
 CPUs: 4 total, 4 available
 Memory: 7639M
 Large Page Support: Disabled
 NUMA Support: Disabled
 Compressed Oops: Enabled (32-bit)
 Heap Region Size: 1M
 Heap Min Capacity: 8M
 Heap Initial Capacity: 120M
 Heap Max Capacity: 2G
 Pre-touch: Disabled
 Parallel Workers: 4
 Concurrent Workers: 1
 Concurrent Refinement Workers: 4
 Periodic GC: Disabled
Heap:
 garbage-first heap   total 245760K, used 97694K [0x0000000080000000, 0x0000000100000000)
  region size 1024K, 2 young (2048K), 2 survivors (2048K)
 Metaspace       used 75548K, committed 76352K, reserved 491520K
  class space    used 10599K, committed 11008K, reserved 425984K
GC Heap History (20 events):
Event: 17.842 GC heap after
{Heap after GC invocations=20 (full 0):
 garbage-first heap   total 129024K, used 54722K [0x0000000080000000, 0x0000000100000000)
  region size 1024K, 5 young (5120K), 5 survivors (5120K)
 Metaspace       used 64861K, committed 65600K, reserved 491520K
  class space    used 9178K, committed 9536K, reserved 425984K
}
Event: 17.867 GC heap before
{Heap before GC invocations=20 (full 0):
 garbage-first heap   total 129024K, used 55746K [0x0000000080000000, 0x0000000100000000)
  region size 1024K, 6 young (6144K), 5 survivors (5120K)
 Metaspace       used 64923K, committed 65664K, reserved 491520K
  class space    used 9190K, committed 9536K, reserved 425984K
}
Event: 17.876 GC heap after
{Heap after GC invocations=21 (full 0):
 garbage-first heap   total 129024K, used 54985K [0x0000000080000000, 0x0000000100000000)
  region size 1024K, 1 young (1024K), 1 survivors (1024K)
 Metaspace       used 64923K, committed 65664K, reserved 491520K
  class space    used 9190K, committed 9536K, reserved 425984K
}
Event: 19.896 GC heap before
{Heap before GC invocations=21 (full 0):
 garbage-first heap   total 129024K, used 107209K [0x0000000080000000, 0x0000000100000000)
  region size 1024K, 52 young (53248K), 1 survivors (1024K)
 Metaspace       used 68032K, committed 68864K, reserved 491520K
  class space    used 9617K, committed 10048K, reserved 425984K
}
Event: 19.908 GC heap after
{Heap after GC invocations=22 (full 0):
 garbage-first heap   total 129024K, used 57673K [0x0000000080000000, 0x0000000100000000)
  region size 1024K, 4 young (4096K), 4 survivors (4096K)
 Metaspace       used 68032K, committed 68864K, reserved 491520K
  class space    used 9617K, committed 10048K, reserved 425984K
}
Event: 21.543 GC heap before
{Heap before GC invocations=22 (full 0):
 garbage-first heap   total 129024K, used 105801K [0x0000000080000000, 0x0000000100000000)
  region size 1024K, 52 young (53248K), 4 survivors (4096K)
 Metaspace       used 71659K, committed 72512K, reserved 491520K
  class space    used 10205K, committed 10624K, reserved 425984K
}
Event: 21.561 GC heap after
{Heap after GC invocations=23 (full 0):
 garbage-first heap   total 129024K, used 61736K [0x0000000080000000, 0x0000000100000000)
  region size 1024K, 7 young (7168K), 7 survivors (7168K)
 Metaspace       used 71659K, committed 72512K, reserved 491520K
  class space    used 10205K, committed 10624K, reserved 425984K
}
Event: 22.765 GC heap before
{Heap before GC invocations=23 (full 0):
 garbage-first heap   total 129024K, used 104744K [0x0000000080000000, 0x0000000100000000)
  region size 1024K, 50 young (51200K), 7 survivors (7168K)
 Metaspace       used 73300K, committed 74176K, reserved 491520K
  class space    used 10388K, committed 10816K, reserved 425984K
}
Event: 22.789 GC heap after
{Heap after GC invocations=24 (full 0):
 garbage-first heap   total 129024K, used 66633K [0x0000000080000000, 0x0000000100000000)
  region size 1024K, 5 young (5120K), 5 survivors (5120K)
 Metaspace       used 73300K, committed 74176K, reserved 491520K
  class space    used 10388K, committed 10816K, reserved 425984K
}
Event: 24.245 GC heap before
{Heap before GC invocations=24 (full 0):
 garbage-first heap   total 129024K, used 104521K [0x0000000080000000, 0x0000000100000000)
  region size 1024K, 43 young (44032K), 5 survivors (5120K)
 Metaspace       used 73811K, committed 74624K, reserved 491520K
  class space    used 10392K, committed 10816K, reserved 425984K
}
Event: 24.291 GC heap after
{Heap after GC invocations=25 (full 0):
 garbage-first heap   total 245760K, used 69047K [0x0000000080000000, 0x0000000100000000)
  region size 1024K, 3 young (3072K), 3 survivors (3072K)
 Metaspace       used 73811K, committed 74624K, reserved 491520K
  class space    used 10392K, committed 10816K, reserved 425984K
}
Event: 25.698 GC heap before
{Heap before GC invocations=26 (full 0):
 garbage-first heap   total 245760K, used 192951K [0x0000000080000000, 0x0000000100000000)
  region size 1024K, 123 young (125952K), 3 survivors (3072K)
 Metaspace       used 75272K, committed 76096K, reserved 491520K
  class space    used 10578K, committed 11008K, reserved 425984K
}
Event: 25.737 GC heap after
{Heap after GC invocations=27 (full 0):
 garbage-first heap   total 245760K, used 86223K [0x0000000080000000, 0x0000000100000000)
  region size 1024K, 16 young (16384K), 16 survivors (16384K)
 Metaspace       used 75272K, committed 76096K, reserved 491520K
  class space    used 10578K, committed 11008K, reserved 425984K
}
Event: 25.742 GC heap before
{Heap before GC invocations=27 (full 0):
 garbage-first heap   total 245760K, used 87247K [0x0000000080000000, 0x0000000100000000)
  region size 1024K, 17 young (17408K), 16 survivors (16384K)
 Metaspace       used 75272K, committed 76096K, reserved 491520K
  class space    used 10578K, committed 11008K, reserved 425984K
}
Event: 25.785 GC heap after
{Heap after GC invocations=28 (full 0):
 garbage-first heap   total 245760K, used 87576K [0x0000000080000000, 0x0000000100000000)
  region size 1024K, 2 young (2048K), 2 survivors (2048K)
 Metaspace       used 75272K, committed 76096K, reserved 491520K
  class space    used 10578K, committed 11008K, reserved 425984K
}
Event: 26.579 GC heap before
{Heap before GC invocations=28 (full 0):
 garbage-first heap   total 245760K, used 184856K [0x0000000080000000, 0x0000000100000000)
  region size 1024K, 97 young (99328K), 2 survivors (2048K)
 Metaspace       used 75448K, committed 76288K, reserved 491520K
  class space    used 10599K, committed 11008K, reserved 425984K
}
Event: 26.599 GC heap after
{Heap after GC invocations=29 (full 0):
 garbage-first heap   total 245760K, used 95768K [0x0000000080000000, 0x0000000100000000)
  region size 1024K, 9 young (9216K), 9 survivors (9216K)
 Metaspace       used 75448K, committed 76288K, reserved 491520K
  class space    used 10599K, committed 11008K, reserved 425984K
}
Event: 27.497 GC heap before
{Heap before GC invocations=29 (full 0):
 garbage-first heap   total 245760K, used 187928K [0x0000000080000000, 0x0000000100000000)
  region size 1024K, 100 young (102400K), 9 survivors (9216K)
 Metaspace       used 75498K, committed 76352K, reserved 491520K
  class space    used 10599K, committed 11008K, reserved 425984K
}
Event: 27.517 GC heap after
{Heap after GC invocations=30 (full 0):
 garbage-first heap   total 245760K, used 97734K [0x0000000080000000, 0x0000000100000000)
  region size 1024K, 2 young (2048K), 2 survivors (2048K)
 Metaspace       used 75498K, committed 76352K, reserved 491520K
  class space    used 10599K, committed 11008K, reserved 425984K
}
Event: 28.342 GC heap before
{Heap before GC invocations=30 (full 0):
 garbage-first heap   total 245760K, used 195014K [0x0000000080000000, 0x0000000100000000)
  region size 1024K, 98 young (100352K), 2 survivors (2048K)
 Metaspace       used 75548K, committed 76352K, reserved 491520K
  class space    used 10599K, committed 11008K, reserved 425984K
}

