# JRE version: OpenJDK Runtime Environment Temurin-17.0.15+6 (17.0.15+6) (build 17.0.15+6)
# Java VM: OpenJDK 64-Bit Server VM Temurin-17.0.15+6 (17.0.15+6, mixed mode, sharing, tiered, compressed oops, compressed class ptrs, g1 gc, windows-amd64)
GC Precious Log:
 CPUs: 4 total, 4 available
 Memory: 7639M
 Large Page Support: Disabled
 NUMA Support: Disabled
 Compressed Oops: Enabled (32-bit)
 Heap Region Size: 1M
 Heap Min Capacity: 8M
 Heap Initial Capacity: 120M
 Heap Max Capacity: 2G
 Pre-touch: Disabled
 Parallel Workers: 4
 Concurrent Workers: 1
 Concurrent Refinement Workers: 4
 Periodic GC: Disabled
Heap:
 garbage-first heap   total 499712K, used 183034K [0x0000000080000000, 0x0000000100000000)
  region size 1024K, 5 young (5120K), 5 survivors (5120K)
 Metaspace       used 174641K, committed 175936K, reserved 622592K
  class space    used 21604K, committed 22208K, reserved 425984K
GC Heap History (20 events):
Event: 838.700 GC heap after
{Heap after GC invocations=123 (full 0):
 garbage-first heap   total 355328K, used 140852K [0x0000000080000000, 0x0000000100000000)
  region size 1024K, 3 young (3072K), 3 survivors (3072K)
 Metaspace       used 169643K, committed 170944K, reserved 622592K
  class space    used 20947K, committed 21568K, reserved 425984K
}
Event: 839.766 GC heap before
{Heap before GC invocations=123 (full 0):
 garbage-first heap   total 355328K, used 300596K [0x0000000080000000, 0x0000000100000000)
  region size 1024K, 160 young (163840K), 3 survivors (3072K)
 Metaspace       used 169808K, committed 171072K, reserved 622592K
  class space    used 20947K, committed 21568K, reserved 425984K
}
Event: 839.779 GC heap after
{Heap after GC invocations=124 (full 0):
 garbage-first heap   total 355328K, used 146042K [0x0000000080000000, 0x0000000100000000)
  region size 1024K, 8 young (8192K), 8 survivors (8192K)
 Metaspace       used 169808K, committed 171072K, reserved 622592K
  class space    used 20947K, committed 21568K, reserved 425984K
}
Event: 841.072 GC heap before
{Heap before GC invocations=124 (full 0):
 garbage-first heap   total 355328K, used 301690K [0x0000000080000000, 0x0000000100000000)
  region size 1024K, 160 young (163840K), 8 survivors (8192K)
 Metaspace       used 169841K, committed 171136K, reserved 622592K
  class space    used 20952K, committed 21568K, reserved 425984K
}
Event: 841.085 GC heap after
{Heap after GC invocations=125 (full 0):
 garbage-first heap   total 355328K, used 148474K [0x0000000080000000, 0x0000000100000000)
  region size 1024K, 10 young (10240K), 10 survivors (10240K)
 Metaspace       used 169841K, committed 171136K, reserved 622592K
  class space    used 20952K, committed 21568K, reserved 425984K
}
Event: 842.076 GC heap before
{Heap before GC invocations=125 (full 0):
 garbage-first heap   total 355328K, used 304122K [0x0000000080000000, 0x0000000100000000)
  region size 1024K, 162 young (165888K), 10 survivors (10240K)
 Metaspace       used 169841K, committed 171136K, reserved 622592K
  class space    used 20952K, committed 21568K, reserved 425984K
}
Event: 842.088 GC heap after
{Heap after GC invocations=126 (full 0):
 garbage-first heap   total 355328K, used 149978K [0x0000000080000000, 0x0000000100000000)
  region size 1024K, 12 young (12288K), 12 survivors (12288K)
 Metaspace       used 169841K, committed 171136K, reserved 622592K
  class space    used 20952K, committed 21568K, reserved 425984K
}
Event: 842.978 GC heap before
{Heap before GC invocations=126 (full 0):
 garbage-first heap   total 355328K, used 305626K [0x0000000080000000, 0x0000000100000000)
  region size 1024K, 164 young (167936K), 12 survivors (12288K)
 Metaspace       used 169847K, committed 171136K, reserved 622592K
  class space    used 20952K, committed 21568K, reserved 425984K
}
Event: 842.989 GC heap after
{Heap after GC invocations=127 (full 0):
 garbage-first heap   total 355328K, used 146690K [0x0000000080000000, 0x0000000100000000)
  region size 1024K, 7 young (7168K), 7 survivors (7168K)
 Metaspace       used 169847K, committed 171136K, reserved 622592K
  class space    used 20952K, committed 21568K, reserved 425984K
}
Event: 887.182 GC heap before
{Heap before GC invocations=127 (full 0):
 garbage-first heap   total 355328K, used 213250K [0x0000000080000000, 0x0000000100000000)
  region size 1024K, 74 young (75776K), 7 survivors (7168K)
 Metaspace       used 174528K, committed 175808K, reserved 622592K
  class space    used 21597K, committed 22208K, reserved 425984K
}
Event: 887.221 GC heap after
{Heap after GC invocations=128 (full 0):
 garbage-first heap   total 355328K, used 150617K [0x0000000080000000, 0x0000000100000000)
  region size 1024K, 11 young (11264K), 11 survivors (11264K)
 Metaspace       used 174528K, committed 175808K, reserved 622592K
  class space    used 21597K, committed 22208K, reserved 425984K
}
Event: 889.842 GC heap before
{Heap before GC invocations=129 (full 0):
 garbage-first heap   total 355328K, used 311385K [0x0000000080000000, 0x0000000100000000)
  region size 1024K, 163 young (166912K), 11 survivors (11264K)
 Metaspace       used 174558K, committed 175808K, reserved 622592K
  class space    used 21600K, committed 22208K, reserved 425984K
}
Event: 889.951 GC heap after
{Heap after GC invocations=130 (full 0):
 garbage-first heap   total 355328K, used 181181K [0x0000000080000000, 0x0000000100000000)
  region size 1024K, 21 young (21504K), 21 survivors (21504K)
 Metaspace       used 174558K, committed 175808K, reserved 622592K
  class space    used 21600K, committed 22208K, reserved 425984K
}
Event: 889.975 GC heap before
{Heap before GC invocations=130 (full 0):
 garbage-first heap   total 355328K, used 181181K [0x0000000080000000, 0x0000000100000000)
  region size 1024K, 22 young (22528K), 21 survivors (21504K)
 Metaspace       used 174558K, committed 175808K, reserved 622592K
  class space    used 21600K, committed 22208K, reserved 425984K
}
Event: 890.054 GC heap after
{Heap after GC invocations=131 (full 0):
 garbage-first heap   total 355328K, used 180155K [0x0000000080000000, 0x0000000100000000)
  region size 1024K, 2 young (2048K), 2 survivors (2048K)
 Metaspace       used 174558K, committed 175808K, reserved 622592K
  class space    used 21600K, committed 22208K, reserved 425984K
}
Event: 890.863 GC heap before
{Heap before GC invocations=131 (full 0):
 garbage-first heap   total 355328K, used 292795K [0x0000000080000000, 0x0000000100000000)
  region size 1024K, 111 young (113664K), 2 survivors (2048K)
 Metaspace       used 174586K, committed 175872K, reserved 622592K
  class space    used 21601K, committed 22208K, reserved 425984K
}
Event: 890.872 GC heap after
{Heap after GC invocations=132 (full 0):
 garbage-first heap   total 355328K, used 180056K [0x0000000080000000, 0x0000000100000000)
  region size 1024K, 2 young (2048K), 2 survivors (2048K)
 Metaspace       used 174586K, committed 175872K, reserved 622592K
  class space    used 21601K, committed 22208K, reserved 425984K
}
Event: 891.452 GC heap before
{Heap before GC invocations=132 (full 0):
 garbage-first heap   total 355328K, used 291672K [0x0000000080000000, 0x0000000100000000)
  region size 1024K, 112 young (114688K), 2 survivors (2048K)
 Metaspace       used 174587K, committed 175872K, reserved 622592K
  class space    used 21601K, committed 22208K, reserved 425984K
}
Event: 891.463 GC heap after
{Heap after GC invocations=133 (full 0):
 garbage-first heap   total 355328K, used 180494K [0x0000000080000000, 0x0000000100000000)
  region size 1024K, 3 young (3072K), 3 survivors (3072K)
 Metaspace       used 174587K, committed 175872K, reserved 622592K
  class space    used 21601K, committed 22208K, reserved 425984K
}
Event: 892.779 GC heap before
{Heap before GC invocations=133 (full 0):
 garbage-first heap   total 495616K, used 307470K [0x0000000080000000, 0x0000000100000000)
  region size 1024K, 121 young (123904K), 3 survivors (3072K)
 Metaspace       used 174641K, committed 175936K, reserved 622592K
  class space    used 21604K, committed 22208K, reserved 425984K
}

